Using pre-set license
Built from '2021.3/staging' branch; Version is '2021.3.15f1 (e8e88683f834) revision 15263878'; Using compiler version '192829333'; Build Type 'Release'
OS: 'Windows 11  (10.0.22621) 64bit Core' Language: 'en' Physical Memory: 32654 MB
BatchMode: 1, IsHumanControllingUs: 0, StartBugReporterOnCrash: 0, Is64bit: 1, IsPro: 1

COMMAND LINE ARGUMENTS:
C:\Program Files\Unity\Hub\Editor\2021.3.15f1\Editor\Unity.exe
-adb2
-batchMode
-noUpm
-name
AssetImportWorker2
-projectPath
C:/Github/GGJ-224/GGJ 2024
-logFile
Logs/AssetImportWorker2.log
-srvPort
58315
Successfully changed project path to: C:/Github/GGJ-224/GGJ 2024
C:/Github/GGJ-224/GGJ 2024
[UnityMemory] Configuration Parameters - Can be set up in boot.config
    "memorysetup-bucket-allocator-granularity=16"
    "memorysetup-bucket-allocator-bucket-count=8"
    "memorysetup-bucket-allocator-block-size=33554432"
    "memorysetup-bucket-allocator-block-count=8"
    "memorysetup-main-allocator-block-size=16777216"
    "memorysetup-thread-allocator-block-size=16777216"
    "memorysetup-gfx-main-allocator-block-size=16777216"
    "memorysetup-gfx-thread-allocator-block-size=16777216"
    "memorysetup-cache-allocator-block-size=4194304"
    "memorysetup-typetree-allocator-block-size=2097152"
    "memorysetup-profiler-bucket-allocator-granularity=16"
    "memorysetup-profiler-bucket-allocator-bucket-count=8"
    "memorysetup-profiler-bucket-allocator-block-size=33554432"
    "memorysetup-profiler-bucket-allocator-block-count=8"
    "memorysetup-profiler-allocator-block-size=16777216"
    "memorysetup-profiler-editor-allocator-block-size=1048576"
    "memorysetup-temp-allocator-size-main=16777216"
    "memorysetup-job-temp-allocator-block-size=2097152"
    "memorysetup-job-temp-allocator-block-size-background=1048576"
    "memorysetup-job-temp-allocator-reduction-small-platforms=262144"
    "memorysetup-temp-allocator-size-background-worker=32768"
    "memorysetup-temp-allocator-size-job-worker=262144"
    "memorysetup-temp-allocator-size-preload-manager=33554432"
    "memorysetup-temp-allocator-size-nav-mesh-worker=65536"
    "memorysetup-temp-allocator-size-audio-worker=65536"
    "memorysetup-temp-allocator-size-cloud-worker=32768"
    "memorysetup-temp-allocator-size-gi-baking-worker=262144"
    "memorysetup-temp-allocator-size-gfx=262144"
Player connection [36660] Host "[IP] 192.168.0.113 [Port] 0 [Flags] 2 [Guid] 421366263 [EditorId] 421366263 [Version] 1048832 [Id] WindowsEditor(7,S3R) [Debug] 1 [PackageName] WindowsEditor [ProjectName] Editor" joined multi-casting on [225.0.0.222:54997]...

Player connection [36660] Host "[IP] 192.168.0.113 [Port] 0 [Flags] 2 [Guid] 421366263 [EditorId] 421366263 [Version] 1048832 [Id] WindowsEditor(7,S3R) [Debug] 1 [PackageName] WindowsEditor [ProjectName] Editor" joined alternative multi-casting on [225.0.0.222:34997]...

Refreshing native plugins compatible for Editor in 105.15 ms, found 3 plugins.
Preloading 0 native plugins for Editor in 0.00 ms.
Initialize engine version: 2021.3.15f1 (e8e88683f834)
[Subsystems] Discovering subsystems at path C:/Program Files/Unity/Hub/Editor/2021.3.15f1/Editor/Data/Resources/UnitySubsystems
[Subsystems] Discovering subsystems at path C:/Github/GGJ-224/GGJ 2024/Assets
GfxDevice: creating device client; threaded=0; jobified=0
Direct3D:
    Version:  Direct3D 11.0 [level 11.1]
    Renderer: NVIDIA GeForce RTX 4080 (ID=0x2704)
    Vendor:   NVIDIA
    VRAM:     16064 MB
    Driver:   31.0.15.3699
Initialize mono
Mono path[0] = 'C:/Program Files/Unity/Hub/Editor/2021.3.15f1/Editor/Data/Managed'
Mono path[1] = 'C:/Program Files/Unity/Hub/Editor/2021.3.15f1/Editor/Data/MonoBleedingEdge/lib/mono/unityjit-win32'
Mono config path = 'C:/Program Files/Unity/Hub/Editor/2021.3.15f1/Editor/Data/MonoBleedingEdge/etc'
Using monoOptions --debugger-agent=transport=dt_socket,embedding=1,server=y,suspend=n,address=127.0.0.1:56128
Begin MonoManager ReloadAssembly
Registering precompiled unity dll's ...
Register platform support module: C:/Program Files/Unity/Hub/Editor/2021.3.15f1/Editor/Data/PlaybackEngines/WindowsStandaloneSupport/UnityEditor.WindowsStandalone.Extensions.dll
Registered in 0.008230 seconds.
Native extension for WindowsStandalone target not found
Refreshing native plugins compatible for Editor in 120.71 ms, found 3 plugins.
Preloading 0 native plugins for Editor in 0.00 ms.
Mono: successfully reloaded assembly
- Completed reload, in  1.039 seconds
Domain Reload Profiling:
	ReloadAssembly (1040ms)
		BeginReloadAssembly (58ms)
			ExecutionOrderSort (0ms)
			DisableScriptedObjects (0ms)
			BackupInstance (0ms)
			ReleaseScriptingObjects (0ms)
			CreateAndSetChildDomain (1ms)
		EndReloadAssembly (821ms)
			LoadAssemblies (57ms)
			RebuildTransferFunctionScriptingTraits (0ms)
			SetupTypeCache (325ms)
			ReleaseScriptCaches (0ms)
			RebuildScriptCaches (34ms)
			SetupLoadedEditorAssemblies (366ms)
				LogAssemblyErrors (0ms)
				InitializePlatformSupportModulesInManaged (8ms)
				SetLoadedEditorAssemblies (0ms)
				RefreshPlugins (121ms)
				BeforeProcessingInitializeOnLoad (1ms)
				ProcessInitializeOnLoadAttributes (170ms)
				ProcessInitializeOnLoadMethodAttributes (65ms)
				AfterProcessingInitializeOnLoad (0ms)
				EditorAssembliesLoaded (0ms)
			ExecutionOrderSort2 (0ms)
			AwakeInstancesAfterBackupRestoration (0ms)
Platform modules already initialized, skipping
Registering precompiled user dll's ...
Registered in 0.012462 seconds.
Begin MonoManager ReloadAssembly
Symbol file LoadedFromMemory doesn't match image C:\Github\GGJ-224\GGJ 2024\Library\PackageCache\com.unity.visualscripting@1.7.8\Editor\VisualScripting.Core\Dependencies\YamlDotNet\Unity.VisualScripting.YamlDotNet.dll
Symbol file LoadedFromMemory doesn't match image C:\Github\GGJ-224\GGJ 2024\Library\PackageCache\com.unity.visualscripting@1.7.8\Editor\VisualScripting.Core\Dependencies\DotNetZip\Unity.VisualScripting.IonicZip.dll
Native extension for WindowsStandalone target not found
Refreshing native plugins compatible for Editor in 89.26 ms, found 3 plugins.
Preloading 0 native plugins for Editor in 0.00 ms.
Mono: successfully reloaded assembly
- Completed reload, in  1.072 seconds
Domain Reload Profiling:
	ReloadAssembly (1072ms)
		BeginReloadAssembly (77ms)
			ExecutionOrderSort (0ms)
			DisableScriptedObjects (4ms)
			BackupInstance (0ms)
			ReleaseScriptingObjects (0ms)
			CreateAndSetChildDomain (15ms)
		EndReloadAssembly (914ms)
			LoadAssemblies (70ms)
			RebuildTransferFunctionScriptingTraits (0ms)
			SetupTypeCache (230ms)
			ReleaseScriptCaches (1ms)
			RebuildScriptCaches (52ms)
			SetupLoadedEditorAssemblies (531ms)
				LogAssemblyErrors (0ms)
				InitializePlatformSupportModulesInManaged (3ms)
				SetLoadedEditorAssemblies (0ms)
				RefreshPlugins (89ms)
				BeforeProcessingInitializeOnLoad (86ms)
				ProcessInitializeOnLoadAttributes (216ms)
				ProcessInitializeOnLoadMethodAttributes (129ms)
				AfterProcessingInitializeOnLoad (6ms)
				EditorAssembliesLoaded (0ms)
			ExecutionOrderSort2 (0ms)
			AwakeInstancesAfterBackupRestoration (4ms)
Platform modules already initialized, skipping
========================================================================
Worker process is ready to serve import requests
Launched and connected shader compiler UnityShaderCompiler.exe after 0.03 seconds
Refreshing native plugins compatible for Editor in 2.69 ms, found 3 plugins.
Preloading 0 native plugins for Editor in 0.00 ms.
Unloading 6226 Unused Serialized files (Serialized files now loaded: 0)
Unloading 54 unused Assets / (3.8 MB). Loaded Objects now: 6674.
Memory consumption went from 278.9 MB to 275.1 MB.
Total: 9.898300 ms (FindLiveObjects: 1.220800 ms CreateObjectMapping: 0.820000 ms MarkObjects: 6.071600 ms  DeleteObjects: 1.783900 ms)

AssetImportParameters requested are different than current active one (requested -> active):
  custom:video-decoder-ogg-theora: a1e56fd34408186e4bbccfd4996cb3dc -> 
  custom:container-muxer-webm: aa71ff27fc2769a1b78a27578f13a17b -> 
  custom:container-demuxer-webm: 4f35f7cbe854078d1ac9338744f61a02 -> 
  custom:video-encoder-webm-vp8: eb34c28f22e8b96e1ab97ce403110664 -> 
  custom:video-codec-MediaFoundation-h265: 746d11721c4dcdbdad8f713fa42b33f4 -> 
  custom:audio-encoder-webm-vorbis: bf7c407c2cedff20999df2af8eb42d56 -> 
  custom:framework-win-MediaFoundation: 216162199b28c13a410421893ffa2e32 -> 
  custom:container-demuxer-ogg: 62fdf1f143b41e24485cea50d1cbac27 -> 
  custom:video-decoder-webm-vp8: 9c59270c3fd7afecdb556c50c9e8de78 -> 
  custom:audio-decoder-ogg-vorbis: bf7c407c2cedff20999df2af8eb42d56 -> 
========================================================================
Received Import Request.
  Time since last request: 817832.860436 seconds.
  path: Assets
  artifactKey: Guid(00000000000000001000000000000000) Importer(815301076,1909f56bfc062723c751e8b465ee728b)
Start importing Assets using Guid(00000000000000001000000000000000) Importer(815301076,1909f56bfc062723c751e8b465ee728b)  -> (artifact id: '79842766b460edbeab6a34051e857a80') in 0.018129 seconds 
========================================================================
Received Import Request.
  Time since last request: 6.507860 seconds.
  path: Assets/Scenes
  artifactKey: Guid(5960e0a61bcc28b4891f7b82cffee6d1) Importer(815301076,1909f56bfc062723c751e8b465ee728b)
Start importing Assets/Scenes using Guid(5960e0a61bcc28b4891f7b82cffee6d1) Importer(815301076,1909f56bfc062723c751e8b465ee728b)  -> (artifact id: 'da5ddca34beddbda40f9512e6266a35c') in 0.006767 seconds 
========================================================================
Received Import Request.
  Time since last request: 27.374582 seconds.
  path: Assets/Materials
  artifactKey: Guid(84af466cebf92ab4b9d1d7ad1eb398c6) Importer(815301076,1909f56bfc062723c751e8b465ee728b)
Start importing Assets/Materials using Guid(84af466cebf92ab4b9d1d7ad1eb398c6) Importer(815301076,1909f56bfc062723c751e8b465ee728b)  -> (artifact id: 'e08edee282df4c78fcf7f411cc50e3c5') in 0.006784 seconds 
========================================================================
Received Import Request.
  Time since last request: 14.717492 seconds.
  path: Assets/Materials/RouletteColor.mat
  artifactKey: Guid(19b51348276afdc43acbec7b116a39e6) Importer(815301076,1909f56bfc062723c751e8b465ee728b)
Start importing Assets/Materials/RouletteColor.mat using Guid(19b51348276afdc43acbec7b116a39e6) Importer(815301076,1909f56bfc062723c751e8b465ee728b)  -> (artifact id: 'a487673ac4a46bf82567edb2e8f82dbd') in 1.260244 seconds 
========================================================================
Received Import Request.
  Time since last request: 26.231504 seconds.
  path: Assets/Prefabs
  artifactKey: Guid(808cf2298f2ec9c4c8200702ee8db071) Importer(815301076,1909f56bfc062723c751e8b465ee728b)
Start importing Assets/Prefabs using Guid(808cf2298f2ec9c4c8200702ee8db071) Importer(815301076,1909f56bfc062723c751e8b465ee728b)  -> (artifact id: '08cb339c4deeeebf5c1e6e28da6a7396') in 0.006822 seconds 
========================================================================
Received Import Request.
  Time since last request: 4.783074 seconds.
  path: Assets/Prefabs/Roulette.prefab
  artifactKey: Guid(cec26612310545740a9f09338cc0b7c9) Importer(815301076,1909f56bfc062723c751e8b465ee728b)
Start importing Assets/Prefabs/Roulette.prefab using Guid(cec26612310545740a9f09338cc0b7c9) Importer(815301076,1909f56bfc062723c751e8b465ee728b)  -> (artifact id: '49d12507700c6b1049bf1b2e9f72fb82') in 0.040661 seconds 
========================================================================
Received Import Request.
  Time since last request: 44.338016 seconds.
  path: Assets/Prefabs/Roulette.prefab
  artifactKey: Guid(cec26612310545740a9f09338cc0b7c9) Importer(815301076,1909f56bfc062723c751e8b465ee728b)
Start importing Assets/Prefabs/Roulette.prefab using Guid(cec26612310545740a9f09338cc0b7c9) Importer(815301076,1909f56bfc062723c751e8b465ee728b)  -> (artifact id: 'a8936bfdb482cbf77fc87909bd3f2266') in 0.016390 seconds 
========================================================================
Received Import Request.
  Time since last request: 27.544353 seconds.
  path: Assets/Prefabs/Roulette.prefab
  artifactKey: Guid(cec26612310545740a9f09338cc0b7c9) Importer(815301076,1909f56bfc062723c751e8b465ee728b)
Start importing Assets/Prefabs/Roulette.prefab using Guid(cec26612310545740a9f09338cc0b7c9) Importer(815301076,1909f56bfc062723c751e8b465ee728b)  -> (artifact id: '8b8c530c390d6c1087b639df7638552e') in 0.013906 seconds 
========================================================================
Received Import Request.
  Time since last request: 265.343343 seconds.
  path: Assets/Materials/RouletteColor 1.mat
  artifactKey: Guid(1b28810fe081328438e96b3dc013c2b0) Importer(815301076,1909f56bfc062723c751e8b465ee728b)
Start importing Assets/Materials/RouletteColor 1.mat using Guid(1b28810fe081328438e96b3dc013c2b0) Importer(815301076,1909f56bfc062723c751e8b465ee728b)  -> (artifact id: 'b0024d76c5c1fe8dc25150466bf60835') in 0.022433 seconds 
========================================================================
Received Import Request.
  Time since last request: 14.002415 seconds.
  path: Assets/Materials/Color Y.mat
  artifactKey: Guid(19b51348276afdc43acbec7b116a39e6) Importer(815301076,1909f56bfc062723c751e8b465ee728b)
Start importing Assets/Materials/Color Y.mat using Guid(19b51348276afdc43acbec7b116a39e6) Importer(815301076,1909f56bfc062723c751e8b465ee728b)  -> (artifact id: 'f528abea3f2c6ee035b93aee480116fb') in 0.019139 seconds 
========================================================================
Received Import Request.
  Time since last request: 9.826852 seconds.
  path: Assets/Materials/Color R.mat
  artifactKey: Guid(1b28810fe081328438e96b3dc013c2b0) Importer(815301076,1909f56bfc062723c751e8b465ee728b)
Start importing Assets/Materials/Color R.mat using Guid(1b28810fe081328438e96b3dc013c2b0) Importer(815301076,1909f56bfc062723c751e8b465ee728b)  -> (artifact id: '26e0f81d1ec95572aac883778e850957') in 0.017001 seconds 
========================================================================
Received Import Request.
  Time since last request: 924.708067 seconds.
  path: Assets/Prefabs/Roulette.prefab
  artifactKey: Guid(cec26612310545740a9f09338cc0b7c9) Importer(815301076,1909f56bfc062723c751e8b465ee728b)
Start importing Assets/Prefabs/Roulette.prefab using Guid(cec26612310545740a9f09338cc0b7c9) Importer(815301076,1909f56bfc062723c751e8b465ee728b)  -> (artifact id: 'fc88601c6cda8f9b43e8ba703d7f673f') in 0.016512 seconds 
